Copyright 1986-2021 Xilinx, Inc. All Rights Reserved.
--------------------------------------------------------------------------------------------
| Tool Version : Vivado v.2021.1 (lin64) Build 3247384 Thu Jun 10 19:36:07 MDT 2021
| Date         : Sun Mar 27 10:37:32 2022
| Host         : ip-172-31-74-77.ec2.internal running 64-bit Amazon Linux release 2 (Karoo)
| Command      : upgrade_ip
| Device       : xcvu9p-flgb2104-2-i
--------------------------------------------------------------------------------------------

Upgrade Log for IP 'vio_0'

1. Summary
----------

SUCCESS in the upgrade of vio_0 (xilinx.com:ip:vio:3.0) from (Rev. 17) to (Rev. 20)






Copyright 1986-2021 Xilinx, Inc. All Rights Reserved.
--------------------------------------------------------------------------------------------
| Tool Version : Vivado v.2021.1 (lin64) Build 3247384 Thu Jun 10 19:36:07 MDT 2021
| Date         : Sun Mar 27 10:37:31 2022
| Host         : ip-172-31-74-77.ec2.internal running 64-bit Amazon Linux release 2 (Karoo)
| Command      : upgrade_ip
| Device       : xcvu9p-flgb2104-2-i
--------------------------------------------------------------------------------------------

Upgrade Log for IP 'src_register_slice'

1. Summary
----------

SUCCESS in the upgrade of src_register_slice (xilinx.com:ip:axi_register_slice:2.1) from (Rev. 15) to (Rev. 24)






Copyright 1986-2021 Xilinx, Inc. All Rights Reserved.
--------------------------------------------------------------------------------------------
| Tool Version : Vivado v.2021.1 (lin64) Build 3247384 Thu Jun 10 19:36:07 MDT 2021
| Date         : Sun Mar 27 10:37:31 2022
| Host         : ip-172-31-74-77.ec2.internal running 64-bit Amazon Linux release 2 (Karoo)
| Command      : upgrade_ip
| Device       : xcvu9p-flgb2104-2-i
--------------------------------------------------------------------------------------------

Upgrade Log for IP 'ila_vio_counter'

1. Summary
----------

SUCCESS in the upgrade of ila_vio_counter (xilinx.com:ip:ila:6.2) from (Rev. 5) to (Rev. 11)






Copyright 1986-2021 Xilinx, Inc. All Rights Reserved.
--------------------------------------------------------------------------------------------
| Tool Version : Vivado v.2021.1 (lin64) Build 3247384 Thu Jun 10 19:36:07 MDT 2021
| Date         : Sun Mar 27 10:37:28 2022
| Host         : ip-172-31-74-77.ec2.internal running 64-bit Amazon Linux release 2 (Karoo)
| Command      : upgrade_ip
| Device       : xcvu9p-flgb2104-2-i
--------------------------------------------------------------------------------------------

Upgrade Log for IP 'ila_1'

1. Summary
----------

SUCCESS in the upgrade of ila_1 (xilinx.com:ip:ila:6.2) from (Rev. 5) to (Rev. 11)






Copyright 1986-2021 Xilinx, Inc. All Rights Reserved.
--------------------------------------------------------------------------------------------
| Tool Version : Vivado v.2021.1 (lin64) Build 3247384 Thu Jun 10 19:36:07 MDT 2021
| Date         : Sun Mar 27 10:37:25 2022
| Host         : ip-172-31-74-77.ec2.internal running 64-bit Amazon Linux release 2 (Karoo)
| Command      : upgrade_ip
| Device       : xcvu9p-flgb2104-2-i
--------------------------------------------------------------------------------------------

Upgrade Log for IP 'ila_0'

1. Summary
----------

SUCCESS in the upgrade of ila_0 (xilinx.com:ip:ila:6.2) from (Rev. 5) to (Rev. 11)






Copyright 1986-2021 Xilinx, Inc. All Rights Reserved.
--------------------------------------------------------------------------------------------
| Tool Version : Vivado v.2021.1 (lin64) Build 3247384 Thu Jun 10 19:36:07 MDT 2021
| Date         : Sun Mar 27 10:37:22 2022
| Host         : ip-172-31-74-77.ec2.internal running 64-bit Amazon Linux release 2 (Karoo)
| Command      : upgrade_ip
| Device       : xcvu9p-flgb2104-2-i
--------------------------------------------------------------------------------------------

Upgrade Log for IP 'dest_register_slice'

1. Summary
----------

SUCCESS in the upgrade of dest_register_slice (xilinx.com:ip:axi_register_slice:2.1) from (Rev. 15) to (Rev. 24)






Copyright 1986-2021 Xilinx, Inc. All Rights Reserved.
--------------------------------------------------------------------------------------------
| Tool Version : Vivado v.2021.1 (lin64) Build 3247384 Thu Jun 10 19:36:07 MDT 2021
| Date         : Sun Mar 27 10:37:22 2022
| Host         : ip-172-31-74-77.ec2.internal running 64-bit Amazon Linux release 2 (Karoo)
| Command      : upgrade_ip
| Device       : xcvu9p-flgb2104-2-i
--------------------------------------------------------------------------------------------

Upgrade Log for IP 'ddr4_core'

1. Summary
----------

SUCCESS in the upgrade of ddr4_core (xilinx.com:ip:ddr4:2.2) from (Rev. 3) to (Rev. 12)

2. Warnings
-----------

WARNING: INFO: upgrade from same called


3. Upgrade messages
-------------------

WARNING: upgrade cannot set value of parameter C0.DDR4_EN_PARITY to true : there is no parameter called C0.DDR4_EN_PARITY






Copyright 1986-2021 Xilinx, Inc. All Rights Reserved.
--------------------------------------------------------------------------------------------
| Tool Version : Vivado v.2021.1 (lin64) Build 3247384 Thu Jun 10 19:36:07 MDT 2021
| Date         : Sun Mar 27 10:36:44 2022
| Host         : ip-172-31-74-77.ec2.internal running 64-bit Amazon Linux release 2 (Karoo)
| Command      : upgrade_ip
| Device       : xcvu9p-flgb2104-2-i
--------------------------------------------------------------------------------------------

Upgrade Log for IP 'cl_axi_interconnect_axi_interconnect_0_0'

1. Summary
----------

SUCCESS in the upgrade of cl_axi_interconnect_axi_interconnect_0_0 (xilinx.com:ip:axi_interconnect:2.1) from (Rev. 16) to (Rev. 25)






Copyright 1986-2021 Xilinx, Inc. All Rights Reserved.
--------------------------------------------------------------------------------------------
| Tool Version : Vivado v.2021.1 (lin64) Build 3247384 Thu Jun 10 19:36:07 MDT 2021
| Date         : Sun Mar 27 10:36:24 2022
| Host         : ip-172-31-74-77.ec2.internal running 64-bit Amazon Linux release 2 (Karoo)
| Command      : upgrade_ip
| Device       : xcvu9p-flgb2104-2-i
--------------------------------------------------------------------------------------------

Upgrade Log for IP 'axi_register_slice_light'

1. Summary
----------

SUCCESS in the upgrade of axi_register_slice_light (xilinx.com:ip:axi_register_slice:2.1) from (Rev. 15) to (Rev. 24)






Copyright 1986-2021 Xilinx, Inc. All Rights Reserved.
--------------------------------------------------------------------------------------------
| Tool Version : Vivado v.2021.1 (lin64) Build 3247384 Thu Jun 10 19:36:07 MDT 2021
| Date         : Sun Mar 27 10:36:24 2022
| Host         : ip-172-31-74-77.ec2.internal running 64-bit Amazon Linux release 2 (Karoo)
| Command      : upgrade_ip
| Device       : xcvu9p-flgb2104-2-i
--------------------------------------------------------------------------------------------

Upgrade Log for IP 'axi_register_slice'

1. Summary
----------

SUCCESS in the upgrade of axi_register_slice (xilinx.com:ip:axi_register_slice:2.1) from (Rev. 15) to (Rev. 24)






Copyright 1986-2021 Xilinx, Inc. All Rights Reserved.
--------------------------------------------------------------------------------------------
| Tool Version : Vivado v.2021.1 (lin64) Build 3247384 Thu Jun 10 19:36:07 MDT 2021
| Date         : Sun Mar 27 10:36:23 2022
| Host         : ip-172-31-74-77.ec2.internal running 64-bit Amazon Linux release 2 (Karoo)
| Command      : upgrade_ip
| Device       : xcvu9p-flgb2104-2-i
--------------------------------------------------------------------------------------------

Upgrade Log for IP 'axi_clock_converter_0'

1. Summary
----------

SUCCESS in the upgrade of axi_clock_converter_0 (xilinx.com:ip:axi_clock_converter:2.1) from (Rev. 14) to (Rev. 23)

